c:\users\nick\source\repos\chess_algorithms\source\x64\debug\vc142.pdb
c:\users\nick\source\repos\chess_algorithms\source\x64\debug\vc142.idb
c:\users\nick\source\repos\chess_algorithms\source\x64\debug\main.obj
c:\users\nick\source\repos\chess_algorithms\source\x64\debug\chess.obj
c:\users\nick\source\repos\chess_algorithms\source\x64\debug\user_interface.obj
c:\users\nick\source\repos\chess_algorithms\source\x64\debug\algorithms.obj
c:\users\nick\source\repos\chess_algorithms\source\x64\debug\chess_console.exe
c:\users\nick\source\repos\chess_algorithms\source\x64\debug\chess_console.ilk
c:\users\nick\source\repos\chess_algorithms\source\x64\debug\chess_console.pdb
c:\users\nick\source\repos\chess_algorithms\source\x64\debug\chess_console.res
c:\users\nick\source\repos\chess_algorithms\source\x64\debug\algorithms.new.obj.enc
c:\users\nick\source\repos\chess_algorithms\source\x64\debug\chess.obj.enc
c:\users\nick\source\repos\chess_algorithms\source\x64\debug\main.new.obj.enc
c:\users\nick\source\repos\chess_algorithms\source\x64\debug\user_interface.new.obj.enc
c:\users\nick\source\repos\chess_algorithms\source\x64\debug\chess_console.tlog\cl.command.1.tlog
c:\users\nick\source\repos\chess_algorithms\source\x64\debug\chess_console.tlog\cl.read.1.tlog
c:\users\nick\source\repos\chess_algorithms\source\x64\debug\chess_console.tlog\cl.write.1.tlog
c:\users\nick\source\repos\chess_algorithms\source\x64\debug\chess_console.tlog\link.command.1.tlog
c:\users\nick\source\repos\chess_algorithms\source\x64\debug\chess_console.tlog\link.read.1.tlog
c:\users\nick\source\repos\chess_algorithms\source\x64\debug\chess_console.tlog\link.write.1.tlog
c:\users\nick\source\repos\chess_algorithms\source\x64\debug\chess_console.tlog\rc.command.1.tlog
c:\users\nick\source\repos\chess_algorithms\source\x64\debug\chess_console.tlog\rc.read.1.tlog
c:\users\nick\source\repos\chess_algorithms\source\x64\debug\chess_console.tlog\rc.write.1.tlog
